<?xml version="1.0" encoding="UTF-8"?>
<testng-results skipped="0" failed="0" total="1" passed="1">
  <reporter-output>
  </reporter-output>
  <suite name="Suite" duration-ms="94606" started-at="2020-07-09T14:23:14Z" finished-at="2020-07-09T14:24:49Z">
    <groups>
    </groups>
    <test name="Test" duration-ms="94606" started-at="2020-07-09T14:23:14Z" finished-at="2020-07-09T14:24:49Z">
      <class name="com.w2a.cucumber.zoho.runners.GoibiboRunners">
        <test-method status="PASS" signature="runCukes()[pri:0, instance:com.w2a.cucumber.zoho.runners.GoibiboRunners@4135c3b]" name="runCukes" duration-ms="94574" started-at="2020-07-09T19:53:14Z" finished-at="2020-07-09T19:54:49Z">
          <reporter-output>
          </reporter-output>
        </test-method> <!-- runCukes -->
      </class> <!-- com.w2a.cucumber.zoho.runners.GoibiboRunners -->
    </test> <!-- Test -->
  </suite> <!-- Suite -->
</testng-results>
